[     549ms] [INFO] %cDownload the React DevTools for a better development experience: https://react.dev/link/react-devtools font-weight:bold @ webpack-internal:///(app-pages-browser)/./node_modules/next/dist/compiled/react-dom/cjs/react-dom-client.development.js:25630
[  477319ms] [INFO] %cDownload the React DevTools for a better development experience: https://react.dev/link/react-devtools font-weight:bold @ webpack-internal:///(app-pages-browser)/./node_modules/next/dist/compiled/react-dom/cjs/react-dom-client.development.js:25630
[  849130ms] [LOG] [Fast Refresh] rebuilding @ webpack-internal:///(app-pages-browser)/./node_modules/next/dist/client/dev/hot-reloader/app/hot-reloader-app.js:196
[  851215ms] [LOG] [Fast Refresh] done in 2085ms @ webpack-internal:///(app-pages-browser)/./node_modules/next/dist/client/dev/report-hmr-latency.js:13
[  852606ms] [ERROR] Failed to load resource: the server responded with a status of 500 (Internal Server Error) @ http://localhost:3000/?_rsc=_mjR7ylJSLpkZcZ3:0
[  852965ms] [ERROR] Failed to load resource: the server responded with a status of 500 (Internal Server Error) @ http://localhost:3000/?_rsc=_mjR7ylJSLpkZcZ3:0
[  853294ms] [ERROR] Failed to load resource: the server responded with a status of 500 (Internal Server Error) @ http://localhost:3000/:0
[  853997ms] [INFO] %cDownload the React DevTools for a better development experience: https://reactjs.org/link/react-devtools font-weight:bold @ webpack-internal:///(pages-dir-browser)/./node_modules/react-dom/cjs/react-dom.development.js:29889
[  854142ms] Error: Cannot find module './833.js'
Require stack:
- c:\Users\WIN-11\Desktop\client website\Bazaratty\.next\server\webpack-runtime.js
- c:\Users\WIN-11\Desktop\client website\Bazaratty\.next\server\pages\_document.js
- c:\Users\WIN-11\Desktop\client website\Bazaratty\node_modules\next\dist\server\require.js
- c:\Users\WIN-11\Desktop\client website\Bazaratty\node_modules\next\dist\server\load-components.js
- c:\Users\WIN-11\Desktop\client website\Bazaratty\node_modules\next\dist\build\utils.js
- c:\Users\WIN-11\Desktop\client website\Bazaratty\node_modules\next\dist\build\swc\options.js
- c:\Users\WIN-11\Desktop\client website\Bazaratty\node_modules\next\dist\build\swc\index.js
- c:\Users\WIN-11\Desktop\client website\Bazaratty\node_modules\next\dist\build\analysis\parse-module.js
- c:\Users\WIN-11\Desktop\client website\Bazaratty\node_modules\next\dist\build\analysis\get-page-static-info.js
- c:\Users\WIN-11\Desktop\client website\Bazaratty\node_modules\next\dist\server\lib\router-utils\setup-dev-bundler.js
- c:\Users\WIN-11\Desktop\client website\Bazaratty\node_modules\next\dist\server\lib\router-server.js
- c:\Users\WIN-11\Desktop\client website\Bazaratty\node_modules\next\dist\server\lib\start-server.js
    at Function.<anonymous> (node:internal/modules/cjs/loader:1249:15)
    at <unknown> (file://c:\Users\WIN-11\Desktop\client website\Bazaratty\node_modules\next\dist\server\require-hook.js:57:36)
    at Function._load (node:internal/modules/cjs/loader:1075:27)
    at TracingChannel.traceSync (node:diagnostics_channel:322:14)
    at wrapModuleLoad (node:internal/modules/cjs/loader:219:24)
    at Module.<anonymous> (node:internal/modules/cjs/loader:1340:12)
    at mod.require (file://c:\Users\WIN-11\Desktop\client website\Bazaratty\node_modules\next\dist\server\require-hook.js:68:28)
    at require (node:internal/modules/helpers:138:16)
    at __webpack_require__.f.require (file://c:\Users\WIN-11\Desktop\client website\Bazaratty\.next\server\webpack-runtime.js:190:28)
    at <unknown> (file://c:\Users\WIN-11\Desktop\client website\Bazaratty\.next\server\webpack-runtime.js:103:40)
    at Array.reduce (<anonymous>)
    at __webpack_require__.e (file://c:\Users\WIN-11\Desktop\client website\Bazaratty\.next\server\webpack-runtime.js:102:67)
    at Array.map (<anonymous>)
    at __webpack_require__.X (file://c:\Users\WIN-11\Desktop\client website\Bazaratty\.next\server\webpack-runtime.js:154:22)
    at <unknown> (file://c:\Users\WIN-11\Desktop\client website\Bazaratty\.next\server\app\page.js:2:12104)
    at Object.<anonymous> (file://c:\Users\WIN-11\Desktop\client website\Bazaratty\.next\server\app\page.js:2:12149)
    at Module._compile (node:internal/modules/cjs/loader:1565:14)
    at Object..js (node:internal/modules/cjs/loader:1708:10)
    at Module.load (node:internal/modules/cjs/loader:1318:32)
    at Function._load (node:internal/modules/cjs/loader:1128:12)
    at TracingChannel.traceSync (node:diagnostics_channel:322:14)
    at wrapModuleLoad (node:internal/modules/cjs/loader:219:24)
    at Module.<anonymous> (node:internal/modules/cjs/loader:1340:12)
    at mod.require (file://c:\Users\WIN-11\Desktop\client website\Bazaratty\node_modules\next\dist\server\require-hook.js:68:28)
    at require (node:internal/modules/helpers:138:16)
    at requirePage (file://c:\Users\WIN-11\Desktop\client website\Bazaratty\node_modules\next\dist\server\require.js:99:80)
    at loadComponentsImpl (file://c:\Users\WIN-11\Desktop\client website\Bazaratty\node_modules\next\dist\server\load-components.js:132:57)
    at async DevServer.findPageComponentsImpl (file://c:\Users\WIN-11\Desktop\client website\Bazaratty\node_modules\next\dist\server\next-server.js:900:36)
    at async DevServer.findPageComponents (file://c:\Users\WIN-11\Desktop\client website\Bazaratty\node_modules\next\dist\server\dev\next-dev-server.js:706:16)
    at async DevServer.renderPageComponent (file://c:\Users\WIN-11\Desktop\client website\Bazaratty\node_modules\next\dist\server\base-server.js:1468:24)
    at async DevServer.renderToResponseImpl (file://c:\Users\WIN-11\Desktop\client website\Bazaratty\node_modules\next\dist\server\base-server.js:1522:32)
    at async DevServer.pipeImpl (file://c:\Users\WIN-11\Desktop\client website\Bazaratty\node_modules\next\dist\server\base-server.js:1026:25)
    at async NextNodeServer.handleCatchallRenderRequest (file://c:\Users\WIN-11\Desktop\client website\Bazaratty\node_modules\next\dist\server\next-server.js:394:17)
    at async DevServer.handleRequestImpl (file://c:\Users\WIN-11\Desktop\client website\Bazaratty\node_modules\next\dist\server\base-server.js:917:17)
    at async (file://c:\Users\WIN-11\Desktop\client website\Bazaratty\node_modules\next\dist\server\dev\next-dev-server.js:400:20)
    at async Span.traceAsyncFn (file://c:\Users\WIN-11\Desktop\client website\Bazaratty\node_modules\next\dist\trace\trace.js:157:20)
    at async DevServer.handleRequest (file://c:\Users\WIN-11\Desktop\client website\Bazaratty\node_modules\next\dist\server\dev\next-dev-server.js:396:24)
    at async invokeRender (file://c:\Users\WIN-11\Desktop\client website\Bazaratty\node_modules\next\dist\server\lib\router-server.js:240:21)
    at async handleRequest (file://c:\Users\WIN-11\Desktop\client website\Bazaratty\node_modules\next\dist\server\lib\router-server.js:437:24)
    at async requestHandlerImpl (file://c:\Users\WIN-11\Desktop\client website\Bazaratty\node_modules\next\dist\server\lib\router-server.js:485:13)
    at async Server.requestListener (file://c:\Users\WIN-11\Desktop\client website\Bazaratty\node_modules\next\dist\server\lib\start-server.js:226:13)
[  854131ms] [LOG] [HMR] connected @ webpack-internal:///(pages-dir-browser)/./node_modules/next/dist/client/dev/hot-reloader/pages/websocket.js:45
[  864237ms] [ERROR] WebSocket connection to 'ws://localhost:3000/_next/webpack-hmr' failed: Error in connection establishment: net::ERR_CONNECTION_REFUSED @ webpack-internal:///(pages-dir-browser)/./node_modules/next/dist/client/dev/hot-reloader/pages/websocket.js:88
[  867585ms] [ERROR] WebSocket connection to 'ws://localhost:3000/_next/webpack-hmr' failed: Error in connection establishment: net::ERR_CONNECTION_REFUSED @ webpack-internal:///(pages-dir-browser)/./node_modules/next/dist/client/dev/hot-reloader/pages/websocket.js:88
[  870935ms] [ERROR] WebSocket connection to 'ws://localhost:3000/_next/webpack-hmr' failed: Error in connection establishment: net::ERR_CONNECTION_REFUSED @ webpack-internal:///(pages-dir-browser)/./node_modules/next/dist/client/dev/hot-reloader/pages/websocket.js:88
[  874250ms] [ERROR] WebSocket connection to 'ws://localhost:3000/_next/webpack-hmr' failed: Error in connection establishment: net::ERR_CONNECTION_REFUSED @ webpack-internal:///(pages-dir-browser)/./node_modules/next/dist/client/dev/hot-reloader/pages/websocket.js:88
[  877608ms] [ERROR] WebSocket connection to 'ws://localhost:3000/_next/webpack-hmr' failed: Error in connection establishment: net::ERR_CONNECTION_REFUSED @ webpack-internal:///(pages-dir-browser)/./node_modules/next/dist/client/dev/hot-reloader/pages/websocket.js:88
[  884964ms] [ERROR] WebSocket connection to 'ws://localhost:3000/_next/webpack-hmr' failed: Error in connection establishment: net::ERR_CONNECTION_REFUSED @ webpack-internal:///(pages-dir-browser)/./node_modules/next/dist/client/dev/hot-reloader/pages/websocket.js:88
[  891903ms] [LOG] [HMR] connected @ webpack-internal:///(pages-dir-browser)/./node_modules/next/dist/client/dev/hot-reloader/pages/websocket.js:45
[  891933ms] [ERROR] Failed to load resource: the server responded with a status of 404 (Not Found) @ http://localhost:3000/_next/static/webpack/d98deb6e023465ee.webpack.hot-update.json:0
[  891933ms] [WARNING] [Fast Refresh] performing full reload because your application had an unrecoverable error @ webpack-internal:///(pages-dir-browser)/./node_modules/next/dist/client/dev/hot-reloader/pages/hot-reloader-pages.js:347
[  892695ms] [LOG] [Fast Refresh] rebuilding @ webpack-internal:///(pages-dir-browser)/./node_modules/next/dist/client/dev/hot-reloader/pages/hot-reloader-pages.js:206
[  893658ms] [ERROR] Failed to load resource: the server responded with a status of 404 (Not Found) @ http://localhost:3000/_next/static/webpack/d98deb6e023465ee.webpack.hot-update.json:0
[  893659ms] [WARNING] [Fast Refresh] performing full reload because your application had an unrecoverable error @ webpack-internal:///(pages-dir-browser)/./node_modules/next/dist/client/dev/hot-reloader/pages/hot-reloader-pages.js:347
[  896172ms] [ERROR] Failed to load resource: the server responded with a status of 404 (Not Found) @ http://localhost:3000/_next/static/webpack/d98deb6e023465ee.webpack.hot-update.json:0
[  896172ms] [WARNING] [Fast Refresh] performing full reload because your application had an unrecoverable error @ webpack-internal:///(pages-dir-browser)/./node_modules/next/dist/client/dev/hot-reloader/pages/hot-reloader-pages.js:347
[  897847ms] [INFO] %cDownload the React DevTools for a better development experience: https://react.dev/link/react-devtools font-weight:bold @ webpack-internal:///(app-pages-browser)/./node_modules/next/dist/compiled/react-dom/cjs/react-dom-client.development.js:25630
